Android/AndroidStudioProject/app/build/outputs/logs/manifest-merger-debug-report.txt
-- Merging decision tree log ---
manifest
ADDED from src/main/AndroidManifest.xml:2:1-28:12
	package
		ADDED from src/main/AndroidManifest.xml:2:70-103
		INJECTED from src/main/AndroidManifest.xml
		INJECTED from src/main/AndroidManifest.xml
	android:versionName
		ADDED from src/main/AndroidManifest.xml:2:104-131
		INJECTED from src/main/AndroidManifest.xml
		INJECTED from src/main/AndroidManifest.xml
	android:versionCode
		ADDED from src/main/AndroidManifest.xml:2:132-155
		INJECTED from src/main/AndroidManifest.xml
		INJECTED from src/main/AndroidManifest.xml
	xmlns:android
		ADDED from src/main/AndroidManifest.xml:2:11-69
	android:installLocation
		ADDED from src/main/AndroidManifest.xml:2:156-196
supports-screens
ADDED from src/main/AndroidManifest.xml:3:3-163
	android:largeScreens
		ADDED from src/main/AndroidManifest.xml:3:78-105
	android:smallScreens
		ADDED from src/main/AndroidManifest.xml:3:21-48
	android:normalScreens
		ADDED from src/main/AndroidManifest.xml:3:49-77
	android:xlargeScreens
		ADDED from src/main/AndroidManifest.xml:3:106-134
	android:anyDensity
		ADDED from src/main/AndroidManifest.xml:3:135-160
application
ADDED from src/main/AndroidManifest.xml:4:3-21:17
MERGED from [com.skillz.sdk:skillz-sdk-android:3.0.1] AndroidManifest.xml:40:5-138:19
MERGED from [com.mopub.volley:mopub-volley:1.1.0] AndroidManifest.xml:11:5-20
MERGED from [com.android.support:support-v4:24.2.1] AndroidManifest.xml:25:5-20
MERGED from [com.android.support:support-compat:24.2.1] AndroidManifest.xml:25:5-20
MERGED from [com.android.support:support-media-compat:24.2.1] AndroidManifest.xml:25:5-20
MERGED from [com.android.support:support-core-utils:24.2.1] AndroidManifest.xml:25:5-20
MERGED from [com.android.support:support-core-ui:24.2.1] AndroidManifest.xml:25:5-20
MERGED from [com.android.support:support-fragment:24.2.1] AndroidManifest.xml:25:5-20
MERGED from [com.android.support:appcompat-v7:24.2.1] AndroidManifest.xml:25:5-20
MERGED from [com.android.support:support-vector-drawable:24.2.1] AndroidManifest.xml:23:5-20
MERGED from [com.android.support:animated-vector-drawable:24.2.1] AndroidManifest.xml:22:5-20
MERGED from [com.google.android.gms:play-services-base:9.6.0] AndroidManifest.xml:18:5-20:19
MERGED from [com.google.android.gms:play-services-basement:9.6.0] AndroidManifest.xml:19:5-21:19
MERGED from [com.google.android.gms:play-services-tasks:9.6.0] AndroidManifest.xml:4:5-19
MERGED from [com.google.android.gms:play-services-gcm:9.6.0] AndroidManifest.xml:23:5-19
MERGED from [com.google.android.gms:play-services-iid:9.6.0] AndroidManifest.xml:23:5-19
MERGED from [com.facebook.react:react-native:0.32.0] AndroidManifest.xml:13:5-20
MERGED from [org.webkit:android-jsc:r174650] AndroidManifest.xml:2:3-17
MERGED from [com.facebook.soloader:soloader:0.1.0] AndroidManifest.xml:3:3-17
MERGED from [com.paypal.sdk:paypal-android-sdk:2.14.4] AndroidManifest.xml:12:5-26:19
MERGED from [io.card:android-sdk:5.4.0] AndroidManifest.xml:21:5-26:19
	android:label
		ADDED from src/main/AndroidManifest.xml:4:92-124
	android:debuggable
		ADDED from src/main/AndroidManifest.xml:4:125-151
	android:icon
		ADDED from src/main/AndroidManifest.xml:4:58-91
	android:largeHeap
		ADDED from [com.skillz.sdk:skillz-sdk-android:3.0.1] AndroidManifest.xml:40:18-42
	android:banner
		ADDED from src/main/AndroidManifest.xml:4:174-211
	android:theme
		ADDED from src/main/AndroidManifest.xml:4:16-57
	android:isGame
		ADDED from src/main/AndroidManifest.xml:4:152-173
activity#com.skillzgames.caverun.UnityPlayerActivity
ADDED from src/main/AndroidManifest.xml:5:5-12:16
	android:screenOrientation
		ADDED from src/main/AndroidManifest.xml:5:48-84
	android:label
		ADDED from src/main/AndroidManifest.xml:5:15-47
	android:launchMode
		ADDED from src/main/AndroidManifest.xml:5:85-116
	android:configChanges
		ADDED from src/main/AndroidManifest.xml:5:117-274
	android:name
		ADDED from src/main/AndroidManifest.xml:5:275-333
intent-filter#android.intent.action.MAIN+android.intent.category.LAUNCHER+android.intent.category.LEANBACK_LAUNCHER
ADDED from src/main/AndroidManifest.xml:6:7-10:23
action#android.intent.action.MAIN
ADDED from src/main/AndroidManifest.xml:7:9-61
	android:name
		ADDED from src/main/AndroidManifest.xml:7:17-58
category#android.intent.category.LAUNCHER
ADDED from src/main/AndroidManifest.xml:8:9-69
	android:name
		ADDED from src/main/AndroidManifest.xml:8:19-66
category#android.intent.category.LEANBACK_LAUNCHER
ADDED from src/main/AndroidManifest.xml:9:9-78
	android:name
		ADDED from src/main/AndroidManifest.xml:9:19-75
meta-data#unityplayer.UnityActivity
ADDED from src/main/AndroidManifest.xml:11:7-82
	android:value
		ADDED from src/main/AndroidManifest.xml:11:59-79
	android:name
		ADDED from src/main/AndroidManifest.xml:11:18-58
meta-data#skillz_game_id
ADDED from src/main/AndroidManifest.xml:15:5-69
	android:value
		ADDED from src/main/AndroidManifest.xml:15:46-66
	android:name
		ADDED from src/main/AndroidManifest.xml:15:16-45
meta-data#skillz_production
ADDED from src/main/AndroidManifest.xml:16:5-73
	android:value
		ADDED from src/main/AndroidManifest.xml:16:49-70
	android:name
		ADDED from src/main/AndroidManifest.xml:16:16-48
meta-data#skillz_orientation
ADDED from src/main/AndroidManifest.xml:17:5-77
	android:value
		ADDED from src/main/AndroidManifest.xml:17:50-74
	android:name
		ADDED from src/main/AndroidManifest.xml:17:16-49
meta-data#skillz_allow_exit
ADDED from src/main/AndroidManifest.xml:18:5-72
	android:value
		ADDED from src/main/AndroidManifest.xml:18:49-69
	android:name
		ADDED from src/main/AndroidManifest.xml:18:16-48
meta-data#skillz_game_activity
ADDED from src/main/AndroidManifest.xml:19:5-71
	android:value
		ADDED from src/main/AndroidManifest.xml:19:52-68
	android:name
		ADDED from src/main/AndroidManifest.xml:19:16-51
meta-data#skillz_is_unity
ADDED from src/main/AndroidManifest.xml:20:5-70
	android:value
		ADDED from src/main/AndroidManifest.xml:20:47-67
	android:name
		ADDED from src/main/AndroidManifest.xml:20:16-46
uses-sdk
ADDED from src/main/AndroidManifest.xml:22:3-72
MERGED from [com.skillz.sdk:skillz-sdk-android:3.0.1] AndroidManifest.xml:8:5-10:41
MERGED from [com.skillz.sdk:skillz-sdk-android:3.0.1] AndroidManifest.xml:11:5-58
MERGED from [com.mopub.volley:mopub-volley:1.1.0] AndroidManifest.xml:7:5-9:41
MERGED from [com.android.support:support-v4:24.2.1] AndroidManifest.xml:21:5-23:54
MERGED from [com.android.support:support-compat:24.2.1] AndroidManifest.xml:21:5-23:58
MERGED from [com.android.support:support-media-compat:24.2.1] AndroidManifest.xml:21:5-23:63
MERGED from [com.android.support:support-core-utils:24.2.1] AndroidManifest.xml:21:5-23:61
MERGED from [com.android.support:support-core-ui:24.2.1] AndroidManifest.xml:21:5-23:58
MERGED from [com.android.support:support-fragment:24.2.1] AndroidManifest.xml:21:5-23:60
MERGED from [com.android.support:appcompat-v7:24.2.1] AndroidManifest.xml:21:5-23:78
MERGED from [com.android.support:support-vector-drawable:24.2.1] AndroidManifest.xml:21:5-43
MERGED from [com.android.support:animated-vector-drawable:24.2.1] AndroidManifest.xml:20:5-44
MERGED from [com.android.support:recyclerview-v7:24.2.1] AndroidManifest.xml:20:5-43
MERGED from [com.google.android.gms:play-services-base:9.6.0] AndroidManifest.xml:17:5-42
MERGED from [com.google.android.gms:play-services-basement:9.6.0] AndroidManifest.xml:17:5-42
MERGED from [com.google.android.gms:play-services-tasks:9.6.0] AndroidManifest.xml:3:5-42
MERGED from [com.google.android.gms:play-services-gcm:9.6.0] AndroidManifest.xml:17:5-42
MERGED from [com.google.android.gms:play-services-iid:9.6.0] AndroidManifest.xml:17:5-42
MERGED from [com.facebook.react:react-native:0.32.0] AndroidManifest.xml:7:5-9:41
MERGED from [com.facebook.fresco:imagepipeline-okhttp3:0.11.0] AndroidManifest.xml:5:5-7:41
MERGED from [com.facebook.fresco:fbcore:0.11.0] AndroidManifest.xml:5:5-7:41
MERGED from [com.facebook.fresco:imagepipeline:0.11.0] AndroidManifest.xml:5:5-7:41
MERGED from [com.facebook.fresco:imagepipeline-base:0.11.0] AndroidManifest.xml:5:5-7:41
MERGED from [com.facebook.fresco:fresco:0.11.0] AndroidManifest.xml:5:5-7:41
MERGED from [com.facebook.fresco:drawee:0.11.0] AndroidManifest.xml:5:5-7:41
MERGED from [com.facebook.soloader:soloader:0.1.0] AndroidManifest.xml:2:3-70
MERGED from [com.BV:react-native-linear-gradient:1.5.12] AndroidManifest.xml:7:5-9:41
MERGED from [com.paypal.sdk:paypal-android-sdk:2.14.4] AndroidManifest.xml:5:5-7:41
MERGED from [io.card:android-sdk:5.4.0] AndroidManifest.xml:7:5-9:41
	tools:overrideLibrary
		ADDED from [com.skillz.sdk:skillz-sdk-android:3.0.1] AndroidManifest.xml:11:15-55
	android:targetSdkVersion
		ADDED from src/main/AndroidManifest.xml:22:40-69
		INJECTED from src/main/AndroidManifest.xml
		INJECTED from src/main/AndroidManifest.xml
	android:minSdkVersion
		ADDED from src/main/AndroidManifest.xml:22:13-39
		INJECTED from src/main/AndroidManifest.xml
		MERGED from src/main/AndroidManifest.xml:22:13-39
		INJECTED from src/main/AndroidManifest.xml
uses-feature#0x00020000
ADDED from src/main/AndroidManifest.xml:23:3-52
	android:glEsVersion
		ADDED from src/main/AndroidManifest.xml:23:17-49
uses-feature#android.hardware.sensor.accelerometer
ADDED from src/main/AndroidManifest.xml:24:3-97
	android:required
		ADDED from src/main/AndroidManifest.xml:24:70-94
	android:name
		ADDED from src/main/AndroidManifest.xml:24:17-69
uses-feature#android.hardware.touchscreen
ADDED from src/main/AndroidManifest.xml:25:3-88
	android:required
		ADDED from src/main/AndroidManifest.xml:25:61-85
	android:name
		ADDED from src/main/AndroidManifest.xml:25:17-60
uses-feature#android.hardware.touchscreen.multitouch
ADDED from src/main/AndroidManifest.xml:26:3-99
	android:required
		ADDED from src/main/AndroidManifest.xml:26:72-96
	android:name
		ADDED from src/main/AndroidManifest.xml:26:17-71
uses-feature#android.hardware.touchscreen.multitouch.distinct
ADDED from src/main/AndroidManifest.xml:27:3-108
	android:required
		ADDED from src/main/AndroidManifest.xml:27:81-105
	android:name
		ADDED from src/main/AndroidManifest.xml:27:17-80
uses-permission#android.permission.INTERNET
ADDED from [com.skillz.sdk:skillz-sdk-android:3.0.1] AndroidManifest.xml:13:5-67
MERGED from [com.google.android.gms:play-services-gcm:9.6.0] AndroidManifest.xml:21:5-66
MERGED from [com.google.android.gms:play-services-iid:9.6.0] AndroidManifest.xml:21:5-66
MERGED from [com.paypal.sdk:paypal-android-sdk:2.14.4] AndroidManifest.xml:10:5-67
	android:name
		ADDED from [com.skillz.sdk:skillz-sdk-android:3.0.1] AndroidManifest.xml:13:22-64
uses-permission#android.permission.READ_EXTERNAL_STORAGE
ADDED from [com.skillz.sdk:skillz-sdk-android:3.0.1] AndroidManifest.xml:14:5-80
	android:name
		ADDED from [com.skillz.sdk:skillz-sdk-android:3.0.1] AndroidManifest.xml:14:22-77
uses-permission#android.permission.WRITE_EXTERNAL_STORAGE
ADDED from [com.skillz.sdk:skillz-sdk-android:3.0.1] AndroidManifest.xml:15:5-81
	android:name
		ADDED from [com.skillz.sdk:skillz-sdk-android:3.0.1] AndroidManifest.xml:15:22-78
uses-permission#android.permission.MANAGE_DOCUMENTS
ADDED from [com.skillz.sdk:skillz-sdk-android:3.0.1] AndroidManifest.xml:16:5-75
	android:name
		ADDED from [com.skillz.sdk:skillz-sdk-android:3.0.1] AndroidManifest.xml:16:22-72
uses-permission#android.permission.ACCESS_NETWORK_STATE
ADDED from [com.skillz.sdk:skillz-sdk-android:3.0.1] AndroidManifest.xml:17:5-79
MERGED from [com.paypal.sdk:paypal-android-sdk:2.14.4] AndroidManifest.xml:9:5-79
	android:name
		ADDED from [com.skillz.sdk:skillz-sdk-android:3.0.1] AndroidManifest.xml:17:22-76
uses-permission#android.permission.READ_PHONE_STATE
ADDED from [com.skillz.sdk:skillz-sdk-android:3.0.1] AndroidManifest.xml:18:5-75
	android:name
		ADDED from [com.skillz.sdk:skillz-sdk-android:3.0.1] AndroidManifest.xml:18:22-72
uses-permission#android.permission.ACCESS_FINE_LOCATION
ADDED from [com.skillz.sdk:skillz-sdk-android:3.0.1] AndroidManifest.xml:19:5-79
	android:name
		ADDED from [com.skillz.sdk:skillz-sdk-android:3.0.1] AndroidManifest.xml:19:22-76
uses-permission#android.permission.ACCESS_WIFI_STATE
ADDED from [com.skillz.sdk:skillz-sdk-android:3.0.1] AndroidManifest.xml:20:5-76
	android:name
		ADDED from [com.skillz.sdk:skillz-sdk-android:3.0.1] AndroidManifest.xml:20:22-73
uses-permission#android.permission.CAPTURE_SECURE_VIDEO_OUTPUT
ADDED from [com.skillz.sdk:skillz-sdk-android:3.0.1] AndroidManifest.xml:21:5-86
	android:name
		ADDED from [com.skillz.sdk:skillz-sdk-android:3.0.1] AndroidManifest.xml:21:22-83
uses-permission#android.permission.MANAGE_OVERLAY_PERMISSION
ADDED from [com.skillz.sdk:skillz-sdk-android:3.0.1] AndroidManifest.xml:22:5-84
	android:name
		ADDED from [com.skillz.sdk:skillz-sdk-android:3.0.1] AndroidManifest.xml:22:22-81
uses-permission#android.permission.CAMERA
ADDED from [com.skillz.sdk:skillz-sdk-android:3.0.1] AndroidManifest.xml:25:5-65
MERGED from [io.card:android-sdk:5.4.0] AndroidManifest.xml:11:5-65
	android:name
		ADDED from [com.skillz.sdk:skillz-sdk-android:3.0.1] AndroidManifest.xml:25:22-62
uses-permission#android.permission.VIBRATE
ADDED from [com.skillz.sdk:skillz-sdk-android:3.0.1] AndroidManifest.xml:26:5-66
MERGED from [io.card:android-sdk:5.4.0] AndroidManifest.xml:12:5-66
	android:name
		ADDED from [com.skillz.sdk:skillz-sdk-android:3.0.1] AndroidManifest.xml:26:22-63
uses-feature#android.hardware.camera
ADDED from [com.skillz.sdk:skillz-sdk-android:3.0.1] AndroidManifest.xml:28:5-30:36
MERGED from [io.card:android-sdk:5.4.0] AndroidManifest.xml:14:5-16:36
	android:required
		ADDED from [com.skillz.sdk:skillz-sdk-android:3.0.1] AndroidManifest.xml:30:9-33
	android:name
		ADDED from [com.skillz.sdk:skillz-sdk-android:3.0.1] AndroidManifest.xml:29:9-47
uses-feature#android.hardware.camera.autofocus
ADDED from [com.skillz.sdk:skillz-sdk-android:3.0.1] AndroidManifest.xml:31:5-33:36
MERGED from [io.card:android-sdk:5.4.0] AndroidManifest.xml:17:5-19:36
	android:required
		ADDED from [com.skillz.sdk:skillz-sdk-android:3.0.1] AndroidManifest.xml:33:9-33
	android:name
		ADDED from [com.skillz.sdk:skillz-sdk-android:3.0.1] AndroidManifest.xml:32:9-57
uses-permission#android.permission.WAKE_LOCK
ADDED from [com.skillz.sdk:skillz-sdk-android:3.0.1] AndroidManifest.xml:36:5-68
	android:name
		ADDED from [com.skillz.sdk:skillz-sdk-android:3.0.1] AndroidManifest.xml:36:22-65
uses-permission#android.permission.GET_ACCOUNTS
ADDED from [com.skillz.sdk:skillz-sdk-android:3.0.1] AndroidManifest.xml:37:5-71
	android:name
		ADDED from [com.skillz.sdk:skillz-sdk-android:3.0.1] AndroidManifest.xml:37:22-68
uses-permission#com.google.android.c2dm.permission.RECEIVE
ADDED from [com.skillz.sdk:skillz-sdk-android:3.0.1] AndroidManifest.xml:38:5-82
MERGED from [com.google.android.gms:play-services-gcm:9.6.0] AndroidManifest.xml:20:5-81
MERGED from [com.google.android.gms:play-services-iid:9.6.0] AndroidManifest.xml:20:5-81
	android:name
		ADDED from [com.skillz.sdk:skillz-sdk-android:3.0.1] AndroidManifest.xml:38:22-79
activity#com.skillz.activity.WelcomeActivity
ADDED from [com.skillz.sdk:skillz-sdk-android:3.0.1] AndroidManifest.xml:41:9-43:66
	android:theme
		ADDED from [com.skillz.sdk:skillz-sdk-android:3.0.1] AndroidManifest.xml:43:13-63
	android:name
		ADDED from [com.skillz.sdk:skillz-sdk-android:3.0.1] AndroidManifest.xml:42:13-63
activity#com.skillz.activity.HomeActivity
ADDED from [com.skillz.sdk:skillz-sdk-android:3.0.1] AndroidManifest.xml:44:9-49:54
	android:label
		ADDED from [com.skillz.sdk:skillz-sdk-android:3.0.1] AndroidManifest.xml:47:13-60
	android:launchMode
		ADDED from [com.skillz.sdk:skillz-sdk-android:3.0.1] AndroidManifest.xml:48:13-44
	android:configChanges
		ADDED from [com.skillz.sdk:skillz-sdk-android:3.0.1] AndroidManifest.xml:46:13-170
	android:theme
		ADDED from [com.skillz.sdk:skillz-sdk-android:3.0.1] AndroidManifest.xml:49:13-51
	android:name
		ADDED from [com.skillz.sdk:skillz-sdk-android:3.0.1] AndroidManifest.xml:45:13-60
activity#com.skillz.activity.PLOWActivity
ADDED from [com.skillz.sdk:skillz-sdk-android:3.0.1] AndroidManifest.xml:50:9-54:54
	android:launchMode
		ADDED from [com.skillz.sdk:skillz-sdk-android:3.0.1] AndroidManifest.xml:53:13-44
	android:configChanges
		ADDED from [com.skillz.sdk:skillz-sdk-android:3.0.1] AndroidManifest.xml:52:13-170
	android:theme
		ADDED from [com.skillz.sdk:skillz-sdk-android:3.0.1] AndroidManifest.xml:54:13-51
	android:name
		ADDED from [com.skillz.sdk:skillz-sdk-android:3.0.1] AndroidManifest.xml:51:13-60
activity#com.skillz.activity.RootedDeviceDetected
ADDED from [com.skillz.sdk:skillz-sdk-android:3.0.1] AndroidManifest.xml:55:9-57:54
	android:theme
		ADDED from [com.skillz.sdk:skillz-sdk-android:3.0.1] AndroidManifest.xml:57:13-51
	android:name
		ADDED from [com.skillz.sdk:skillz-sdk-android:3.0.1] AndroidManifest.xml:56:13-68
meta-data#com.skillz.ota.android.version
ADDED from [com.skillz.sdk:skillz-sdk-android:3.0.1] AndroidManifest.xml:59:9-61:45
	android:value
		ADDED from [com.skillz.sdk:skillz-sdk-android:3.0.1] AndroidManifest.xml:61:13-42
	android:name
		ADDED from [com.skillz.sdk:skillz-sdk-android:3.0.1] AndroidManifest.xml:60:13-58
service#com.paypal.android.sdk.payments.PayPalService
ADDED from [com.skillz.sdk:skillz-sdk-android:3.0.1] AndroidManifest.xml:64:9-66:40
MERGED from [com.paypal.sdk:paypal-android-sdk:2.14.4] AndroidManifest.xml:23:9-25:40
	android:exported
		ADDED from [com.skillz.sdk:skillz-sdk-android:3.0.1] AndroidManifest.xml:66:13-37
	android:name
		ADDED from [com.skillz.sdk:skillz-sdk-android:3.0.1] AndroidManifest.xml:65:13-73
activity#com.paypal.android.sdk.payments.PaymentActivity
ADDED from [com.skillz.sdk:skillz-sdk-android:3.0.1] AndroidManifest.xml:68:9-84
MERGED from [com.paypal.sdk:paypal-android-sdk:2.14.4] AndroidManifest.xml:13:9-84
	android:name
		ADDED from [com.skillz.sdk:skillz-sdk-android:3.0.1] AndroidManifest.xml:68:19-81
activity#com.paypal.android.sdk.payments.LoginActivity
ADDED from [com.skillz.sdk:skillz-sdk-android:3.0.1] AndroidManifest.xml:69:9-82
MERGED from [com.paypal.sdk:paypal-android-sdk:2.14.4] AndroidManifest.xml:16:9-82
	android:name
		ADDED from [com.skillz.sdk:skillz-sdk-android:3.0.1] AndroidManifest.xml:69:19-79
activity#com.paypal.android.sdk.payments.PaymentMethodActivity
ADDED from [com.skillz.sdk:skillz-sdk-android:3.0.1] AndroidManifest.xml:70:9-90
MERGED from [com.paypal.sdk:paypal-android-sdk:2.14.4] AndroidManifest.xml:14:9-90
	android:name
		ADDED from [com.skillz.sdk:skillz-sdk-android:3.0.1] AndroidManifest.xml:70:19-87
activity#com.paypal.android.sdk.payments.PaymentConfirmActivity
ADDED from [com.skillz.sdk:skillz-sdk-android:3.0.1] AndroidManifest.xml:71:9-91
MERGED from [com.paypal.sdk:paypal-android-sdk:2.14.4] AndroidManifest.xml:15:9-91
	android:name
		ADDED from [com.skillz.sdk:skillz-sdk-android:3.0.1] AndroidManifest.xml:71:19-88
activity#io.card.payment.CardIOActivity
ADDED from [com.skillz.sdk:skillz-sdk-android:3.0.1] AndroidManifest.xml:72:9-74:66
MERGED from [io.card:android-sdk:5.4.0] AndroidManifest.xml:22:9-24:66
	android:configChanges
		ADDED from [com.skillz.sdk:skillz-sdk-android:3.0.1] AndroidManifest.xml:74:13-63
	android:name
		ADDED from [com.skillz.sdk:skillz-sdk-android:3.0.1] AndroidManifest.xml:73:13-58
activity#io.card.payment.DataEntryActivity
ADDED from [com.skillz.sdk:skillz-sdk-android:3.0.1] AndroidManifest.xml:75:9-70
MERGED from [io.card:android-sdk:5.4.0] AndroidManifest.xml:25:9-70
	android:name
		ADDED from [com.skillz.sdk:skillz-sdk-android:3.0.1] AndroidManifest.xml:75:19-67
activity#com.skillz.mopub.mobileads.MoPubActivity
ADDED from [com.skillz.sdk:skillz-sdk-android:3.0.1] AndroidManifest.xml:78:9-80:77
	android:configChanges
		ADDED from [com.skillz.sdk:skillz-sdk-android:3.0.1] AndroidManifest.xml:80:13-74
	android:name
		ADDED from [com.skillz.sdk:skillz-sdk-android:3.0.1] AndroidManifest.xml:79:13-68
activity#com.skillz.mopub.mobileads.MraidActivity
ADDED from [com.skillz.sdk:skillz-sdk-android:3.0.1] AndroidManifest.xml:81:9-83:77
	android:configChanges
		ADDED from [com.skillz.sdk:skillz-sdk-android:3.0.1] AndroidManifest.xml:83:13-74
	android:name
		ADDED from [com.skillz.sdk:skillz-sdk-android:3.0.1] AndroidManifest.xml:82:13-68
activity#com.skillz.mopub.common.MoPubBrowser
ADDED from [com.skillz.sdk:skillz-sdk-android:3.0.1] AndroidManifest.xml:84:9-86:77
	android:configChanges
		ADDED from [com.skillz.sdk:skillz-sdk-android:3.0.1] AndroidManifest.xml:86:13-74
	android:name
		ADDED from [com.skillz.sdk:skillz-sdk-android:3.0.1] AndroidManifest.xml:85:13-64
activity#com.skillz.mopub.mobileads.MraidVideoPlayerActivity
ADDED from [com.skillz.sdk:skillz-sdk-android:3.0.1] AndroidManifest.xml:87:9-89:77
	android:configChanges
		ADDED from [com.skillz.sdk:skillz-sdk-android:3.0.1] AndroidManifest.xml:89:13-74
	android:name
		ADDED from [com.skillz.sdk:skillz-sdk-android:3.0.1] AndroidManifest.xml:88:13-79
receiver#com.google.android.gms.gcm.GcmReceiver
ADDED from [com.skillz.sdk:skillz-sdk-android:3.0.1] AndroidManifest.xml:92:9-100:20
	android:exported
		ADDED from [com.skillz.sdk:skillz-sdk-android:3.0.1] AndroidManifest.xml:94:13-36
	android:permission
		ADDED from [com.skillz.sdk:skillz-sdk-android:3.0.1] AndroidManifest.xml:95:13-73
	android:name
		ADDED from [com.skillz.sdk:skillz-sdk-android:3.0.1] AndroidManifest.xml:93:13-66
intent-filter#com.google.android.c2dm.intent.RECEIVE+com.google.android.c2dm.intent.REGISTRATION
ADDED from [com.skillz.sdk:skillz-sdk-android:3.0.1] AndroidManifest.xml:96:13-99:29
action#com.google.android.c2dm.intent.REGISTRATION
ADDED from [com.skillz.sdk:skillz-sdk-android:3.0.1] AndroidManifest.xml:97:17-86
	android:name
		ADDED from [com.skillz.sdk:skillz-sdk-android:3.0.1] AndroidManifest.xml:97:25-83
action#com.google.android.c2dm.intent.RECEIVE
ADDED from [com.skillz.sdk:skillz-sdk-android:3.0.1] AndroidManifest.xml:98:17-81
	android:name
		ADDED from [com.skillz.sdk:skillz-sdk-android:3.0.1] AndroidManifest.xml:98:25-78
receiver#com.kochava.android.tracker.ReferralCapture
ADDED from [com.skillz.sdk:skillz-sdk-android:3.0.1] AndroidManifest.xml:103:9-109:20
	android:exported
		ADDED from [com.skillz.sdk:skillz-sdk-android:3.0.1] AndroidManifest.xml:105:13-36
	android:name
		ADDED from [com.skillz.sdk:skillz-sdk-android:3.0.1] AndroidManifest.xml:104:13-71
intent-filter#com.android.vending.INSTALL_REFERRER
ADDED from [com.skillz.sdk:skillz-sdk-android:3.0.1] AndroidManifest.xml:106:13-108:29
action#com.android.vending.INSTALL_REFERRER
ADDED from [com.skillz.sdk:skillz-sdk-android:3.0.1] AndroidManifest.xml:107:17-79
	android:name
		ADDED from [com.skillz.sdk:skillz-sdk-android:3.0.1] AndroidManifest.xml:107:25-76
service#com.skillz.push.PushListenerService
ADDED from [com.skillz.sdk:skillz-sdk-android:3.0.1] AndroidManifest.xml:111:9-117:19
	android:exported
		ADDED from [com.skillz.sdk:skillz-sdk-android:3.0.1] AndroidManifest.xml:113:13-37
	android:name
		ADDED from [com.skillz.sdk:skillz-sdk-android:3.0.1] AndroidManifest.xml:112:13-63
intent-filter#com.google.android.c2dm.intent.RECEIVE
ADDED from [com.skillz.sdk:skillz-sdk-android:3.0.1] AndroidManifest.xml:114:13-116:29
service#com.skillz.push.PushRoutingService
ADDED from [com.skillz.sdk:skillz-sdk-android:3.0.1] AndroidManifest.xml:118:9-120:40
	android:exported
		ADDED from [com.skillz.sdk:skillz-sdk-android:3.0.1] AndroidManifest.xml:120:13-37
	android:name
		ADDED from [com.skillz.sdk:skillz-sdk-android:3.0.1] AndroidManifest.xml:119:13-62
service#com.skillz.push.PushRegistrationService
ADDED from [com.skillz.sdk:skillz-sdk-android:3.0.1] AndroidManifest.xml:121:9-123:40
	android:exported
		ADDED from [com.skillz.sdk:skillz-sdk-android:3.0.1] AndroidManifest.xml:123:13-37
	android:name
		ADDED from [com.skillz.sdk:skillz-sdk-android:3.0.1] AndroidManifest.xml:122:13-67
service#com.skillz.push.PushIDListenerService
ADDED from [com.skillz.sdk:skillz-sdk-android:3.0.1] AndroidManifest.xml:124:9-130:19
	android:exported
		ADDED from [com.skillz.sdk:skillz-sdk-android:3.0.1] AndroidManifest.xml:126:13-37
	android:name
		ADDED from [com.skillz.sdk:skillz-sdk-android:3.0.1] AndroidManifest.xml:125:13-65
intent-filter#com.google.android.gms.iid.InstanceID
ADDED from [com.skillz.sdk:skillz-sdk-android:3.0.1] AndroidManifest.xml:127:13-129:29
action#com.google.android.gms.iid.InstanceID
ADDED from [com.skillz.sdk:skillz-sdk-android:3.0.1] AndroidManifest.xml:128:17-80
	android:name
		ADDED from [com.skillz.sdk:skillz-sdk-android:3.0.1] AndroidManifest.xml:128:25-77
activity#com.skillz.activity.EventScoreboardActivity
ADDED from [com.skillz.sdk:skillz-sdk-android:3.0.1] AndroidManifest.xml:132:9-135:54
	android:label
		ADDED from [com.skillz.sdk:skillz-sdk-android:3.0.1] AndroidManifest.xml:134:13-74
	android:theme
		ADDED from [com.skillz.sdk:skillz-sdk-android:3.0.1] AndroidManifest.xml:135:13-51
	android:name
		ADDED from [com.skillz.sdk:skillz-sdk-android:3.0.1] AndroidManifest.xml:133:13-71
activity#com.skillz.activity.FullScreenVideoActivity
ADDED from [com.skillz.sdk:skillz-sdk-android:3.0.1] AndroidManifest.xml:136:9-137:20
	android:name
		ADDED from [com.skillz.sdk:skillz-sdk-android:3.0.1] AndroidManifest.xml:136:19-77
activity#com.google.android.gms.common.api.GoogleApiActivity
ADDED from [com.google.android.gms:play-services-base:9.6.0] AndroidManifest.xml:19:9-172
	android:exported
		ADDED from [com.google.android.gms:play-services-base:9.6.0] AndroidManifest.xml:19:146-170
	android:theme
		ADDED from [com.google.android.gms:play-services-base:9.6.0] AndroidManifest.xml:19:86-145
	android:name
		ADDED from [com.google.android.gms:play-services-base:9.6.0] AndroidManifest.xml:19:19-85
meta-data#com.google.android.gms.version
ADDED from [com.google.android.gms:play-services-basement:9.6.0] AndroidManifest.xml:20:9-121
	android:value
		ADDED from [com.google.android.gms:play-services-basement:9.6.0] AndroidManifest.xml:20:66-119
	android:name
		ADDED from [com.google.android.gms:play-services-basement:9.6.0] AndroidManifest.xml:20:20-65
uses-permission#android.permission.SYSTEM_ALERT_WINDOW
ADDED from [com.facebook.react:react-native:0.32.0] AndroidManifest.xml:11:5-78
	android:name
		ADDED from [com.facebook.react:react-native:0.32.0] AndroidManifest.xml:11:22-75
activity#com.paypal.android.sdk.payments.PayPalFuturePaymentActivity
ADDED from [com.paypal.sdk:paypal-android-sdk:2.14.4] AndroidManifest.xml:17:9-96
	android:name
		ADDED from [com.paypal.sdk:paypal-android-sdk:2.14.4] AndroidManifest.xml:17:19-93
activity#com.paypal.android.sdk.payments.FuturePaymentConsentActivity
ADDED from [com.paypal.sdk:paypal-android-sdk:2.14.4] AndroidManifest.xml:18:9-97
	android:name
		ADDED from [com.paypal.sdk:paypal-android-sdk:2.14.4] AndroidManifest.xml:18:19-94
activity#com.paypal.android.sdk.payments.FuturePaymentInfoActivity
ADDED from [com.paypal.sdk:paypal-android-sdk:2.14.4] AndroidManifest.xml:19:9-94
	android:name
		ADDED from [com.paypal.sdk:paypal-android-sdk:2.14.4] AndroidManifest.xml:19:19-91
activity#com.paypal.android.sdk.payments.PayPalProfileSharingActivity
ADDED from [com.paypal.sdk:paypal-android-sdk:2.14.4] AndroidManifest.xml:20:9-97
	android:name
		ADDED from [com.paypal.sdk:paypal-android-sdk:2.14.4] AndroidManifest.xml:20:19-94
activity#com.paypal.android.sdk.payments.ProfileSharingConsentActivity
ADDED from [com.paypal.sdk:paypal-android-sdk:2.14.4] AndroidManifest.xml:21:9-98
	android:name
		ADDED from [com.paypal.sdk:paypal-android-sdk:2.14.4] AndroidManifest.xml:21:19-95